<?xml version="1.0" encoding="UTF-8"?>
<testng-results skipped="0" failed="0" ignored="0" total="1" passed="1">
  <reporter-output>
  </reporter-output>
  <suite name="Default suite" duration-ms="26472" started-at="2019-02-14T11:37:23Z" finished-at="2019-02-14T11:37:49Z">
    <groups>
    </groups>
    <test name="Default test" duration-ms="26472" started-at="2019-02-14T11:37:23Z" finished-at="2019-02-14T11:37:49Z">
      <class name="testcase.TestCase12">
        <test-method status="PASS" signature="test()[pri:0, instance:testcase.TestCase12@58651fd0]" name="test" duration-ms="26391" started-at="2019-02-14T17:07:23Z" finished-at="2019-02-14T17:07:49Z">
          <reporter-output>
          </reporter-output>
        </test-method> <!-- test -->
      </class> <!-- testcase.TestCase12 -->
    </test> <!-- Default test -->
  </suite> <!-- Default suite -->
</testng-results>
